Start CarrotMain main...
Max limit memory '1000000000'
setCompressionCodec 'null'
Start nodeServers 'org.bigbase.carrot.redis.CarrotNodeServer@6c4980d3'}
Wait for shutdown nodeServers 'org.bigbase.carrot.redis.CarrotNodeServer@6c4980d3'}
Start CarrotMain main...
Max limit memory '1000000000'
setCompressionCodec 'null'
Start nodeServers 'org.bigbase.carrot.redis.CarrotNodeServer@54504ecd'}
Wait for shutdown nodeServers 'org.bigbase.carrot.redis.CarrotNodeServer@54504ecd'}
2021-11-14 12:48:41,026 INFO o.b.c.r.CarrotMain [main] Start CarrotMain main...
2021-11-14 12:48:41,032 DEBUG o.b.c.r.CarrotMain [main] Max limit memory '1000000000'
2021-11-14 12:48:41,075 DEBUG o.b.c.r.CarrotMain [main] setCompressionCodec 'null'
2021-11-14 12:48:41,079 DEBUG o.b.c.r.CarrotMain [main] Start nodeServers 'org.bigbase.carrot.redis.CarrotNodeServer@54504ecd'}
2021-11-14 12:48:41,080 DEBUG o.b.c.r.CarrotMain [main] Wait for shutdown nodeServers 'org.bigbase.carrot.redis.CarrotNodeServer@54504ecd'}
2021-11-14 12:50:59,425 INFO o.b.c.r.CarrotMain [main] Start CarrotMain main...
2021-11-14 12:50:59,429 DEBUG o.b.c.r.CarrotMain [main] Max limit memory '1000000000'
2021-11-14 12:50:59,474 DEBUG o.b.c.r.CarrotMain [main] setCompressionCodec 'null'
2021-11-14 12:50:59,478 DEBUG o.b.c.r.CarrotMain [main] Start nodeServers 'org.bigbase.carrot.redis.CarrotNodeServer@54504ecd'}
2021-11-14 12:50:59,478 DEBUG o.b.c.r.CarrotMain [main] Wait for shutdown nodeServers 'org.bigbase.carrot.redis.CarrotNodeServer@54504ecd'}
2021-11-14 12:52:13,938 INFO o.b.c.r.CarrotMain [main] Start CarrotMain main...
2021-11-14 12:52:13,942 DEBUG o.b.c.r.CarrotMain [main] Max limit memory '1000000000'
2021-11-14 12:52:13,986 DEBUG o.b.c.r.CarrotMain [main] setCompressionCodec 'null'
2021-11-14 12:52:13,990 DEBUG o.b.c.r.CarrotMain [main] Start nodeServers 'org.bigbase.carrot.redis.CarrotNodeServer@54504ecd'}
2021-11-14 12:52:13,990 DEBUG o.b.c.r.CarrotMain [main] Wait for shutdown nodeServers 'org.bigbase.carrot.redis.CarrotNodeServer@54504ecd'}
2021-11-14 12:53:50,347 INFO o.b.c.r.CarrotMain [main] Start CarrotMain main...
2021-11-14 12:53:50,351 DEBUG o.b.c.r.CarrotMain [main] Max limit memory '1000000000'
2021-11-14 12:53:50,394 DEBUG o.b.c.r.CarrotMain [main] setCompressionCodec 'null'
2021-11-14 12:53:50,398 DEBUG o.b.c.r.CarrotMain [main] Start nodeServers 'org.bigbase.carrot.redis.CarrotNodeServer@54504ecd'}
2021-11-14 12:53:50,398 DEBUG o.b.c.r.CarrotMain [main] Wait for shutdown nodeServers 'org.bigbase.carrot.redis.CarrotNodeServer@54504ecd'}
2021-11-14 12:54:20,708 INFO o.b.c.r.CarrotMain [main] Start CarrotMain main...
2021-11-14 12:54:20,712 DEBUG o.b.c.r.CarrotMain [main] Max limit memory '1000000000'
2021-11-14 12:54:20,756 DEBUG o.b.c.r.CarrotMain [main] setCompressionCodec 'null'
2021-11-14 12:54:20,760 DEBUG o.b.c.r.CarrotMain [main] Start nodeServers 'org.bigbase.carrot.redis.CarrotNodeServer@54504ecd'}
2021-11-14 12:54:20,760 DEBUG o.b.c.r.CarrotMain [main] Wait for shutdown nodeServers 'org.bigbase.carrot.redis.CarrotNodeServer@54504ecd'}
