ERROR StatusLogger Reconfiguration failed: No configuration found for '277050dc' at 'null' in 'null'
Snapshot directory does not exists: /home/k_zheludkov/apps/carrot2/dist/server/./snapshots/127.0.0.1/6379
[carrot-node-6379]  loaded data store in 27ms
[carrot-node-6379] Selector started
[carrot-node-6379] Server socket opened
[carrot-node-6379] Node server started on port: 6379
#
# A fatal error has been detected by the Java Runtime Environment:
#
#  SIGILL (0x4) at pc=0x00007f72ae617cd7 (sent by kill), pid=13820, tid=13820
#
# JRE version: OpenJDK Runtime Environment (11.0.11+9) (build 11.0.11+9-Ubuntu-0ubuntu2.20.04)
# Java VM: OpenJDK 64-Bit Server VM (11.0.11+9-Ubuntu-0ubuntu2.20.04, mixed mode, tiered, compressed oops, g1 gc, linux-amd64)
# Problematic frame:
# C  [libpthread.so.0+0xacd7]  __pthread_clockjoin_ex+0x257
#
# Core dump will be written. Default location: core.13820 (may not exist)
#
# An error report file with more information is saved as:
# /home/k_zheludkov/apps/carrot2/dist/server/hs_err_pid13820.log
#
# If you would like to submit a bug report, please visit:
#   https://bugs.launchpad.net/ubuntu/+source/openjdk-lts
#
